The system is: Linux - 4.15.0-130-generic - x86_64
Compiling the CXX compiler identification source file "CMakeCXXCompilerId.cpp" succeeded.
Compiler: /usr/bin/c++ 
Build flags: 
Id flags:  

The output was:
0


Compilation of the CXX compiler identification source "CMakeCXXCompilerId.cpp" produced "a.out"

The CXX compiler identification is GNU, found in "/root/uhd/host/build/CMakeFiles/3.10.2/CompilerIdCXX/a.out"

Compiling the C compiler identification source file "CMakeCCompilerId.c" succeeded.
Compiler: /usr/bin/cc 
Build flags: 
Id flags:  

The output was:
0


Compilation of the C compiler identification source "CMakeCCompilerId.c" produced "a.out"

The C compiler identification is GNU, found in "/root/uhd/host/build/CMakeFiles/3.10.2/CompilerIdC/a.out"

Determining if the CXX compiler works passed with the following output:
Change Dir: /root/uhd/host/build/CMakeFiles/CMakeTmp

Run Build Command:"/usr/bin/make" "cmTC_90fdb/fast"
/usr/bin/make -f CMakeFiles/cmTC_90fdb.dir/build.make CMakeFiles/cmTC_90fdb.dir/build
make[1]: Entering directory '/root/uhd/host/build/CMakeFiles/CMakeTmp'
Building CXX object CMakeFiles/cmTC_90fdb.dir/testCXXCompiler.cxx.o
/usr/bin/c++     -o CMakeFiles/cmTC_90fdb.dir/testCXXCompiler.cxx.o -c /root/uhd/host/build/CMakeFiles/CMakeTmp/testCXXCompiler.cxx
Linking CXX executable cmTC_90fdb
/usr/bin/cmake -E cmake_link_script CMakeFiles/cmTC_90fdb.dir/link.txt --verbose=1
/usr/bin/c++       CMakeFiles/cmTC_90fdb.dir/testCXXCompiler.cxx.o  -o cmTC_90fdb 
make[1]: Leaving directory '/root/uhd/host/build/CMakeFiles/CMakeTmp'


Detecting CXX compiler ABI info compiled with the following output:
Change Dir: /root/uhd/host/build/CMakeFiles/CMakeTmp

Run Build Command:"/usr/bin/make" "cmTC_b371e/fast"
/usr/bin/make -f CMakeFiles/cmTC_b371e.dir/build.make CMakeFiles/cmTC_b371e.dir/build
make[1]: Entering directory '/root/uhd/host/build/CMakeFiles/CMakeTmp'
Building CXX object CMakeFiles/cmTC_b371e.dir/CMakeCXXCompilerABI.cpp.o
/usr/bin/c++     -o CMakeFiles/cmTC_b371e.dir/CMakeCXXCompilerABI.cpp.o -c /usr/share/cmake-3.10/Modules/CMakeCXXCompilerABI.cpp
Linking CXX executable cmTC_b371e
/usr/bin/cmake -E cmake_link_script CMakeFiles/cmTC_b371e.dir/link.txt --verbose=1
/usr/bin/c++      -v CMakeFiles/cmTC_b371e.dir/CMakeCXXCompilerABI.cpp.o  -o cmTC_b371e 
Using built-in specs.
COLLECT_GCC=/usr/bin/c++
COLLECT_LTO_WRAPPER=/usr/lib/gcc/x86_64-linux-gnu/7/lto-wrapper
OFFLOAD_TARGET_NAMES=nvptx-none
OFFLOAD_TARGET_DEFAULT=1
Target: x86_64-linux-gnu
Configured with: ../src/configure -v --with-pkgversion='Ubuntu 7.5.0-3ubuntu1~18.04' --with-bugurl=file:///usr/share/doc/gcc-7/README.Bugs --enable-languages=c,ada,c++,go,brig,d,fortran,objc,obj-c++ --prefix=/usr --with-gcc-major-version-only --program-suffix=-7 --program-prefix=x86_64-linux-gnu- --enable-shared --enable-linker-build-id --libexecdir=/usr/lib --without-included-gettext --enable-threads=posix --libdir=/usr/lib --enable-nls --enable-bootstrap --enable-clocale=gnu --enable-libstdcxx-debug --enable-libstdcxx-time=yes --with-default-libstdcxx-abi=new --enable-gnu-unique-object --disable-vtable-verify --enable-libmpx --enable-plugin --enable-default-pie --with-system-zlib --with-target-system-zlib --enable-objc-gc=auto --enable-multiarch --disable-werror --with-arch-32=i686 --with-abi=m64 --with-multilib-list=m32,m64,mx32 --enable-multilib --with-tune=generic --enable-offload-targets=nvptx-none --without-cuda-driver --enable-checking=release --build=x86_64-linux-gnu --host=x86_64-linux-gnu --target=x86_64-linux-gnu
Thread model: posix
gcc version 7.5.0 (Ubuntu 7.5.0-3ubuntu1~18.04) 
COMPILER_PATH=/usr/lib/gcc/x86_64-linux-gnu/7/:/usr/lib/gcc/x86_64-linux-gnu/7/:/usr/lib/gcc/x86_64-linux-gnu/:/usr/lib/gcc/x86_64-linux-gnu/7/:/usr/lib/gcc/x86_64-linux-gnu/
LIBRARY_PATH=/usr/lib/gcc/x86_64-linux-gnu/7/:/usr/lib/gcc/x86_64-linux-gnu/7/../../../x86_64-linux-gnu/:/usr/lib/gcc/x86_64-linux-gnu/7/../../../../lib/:/lib/x86_64-linux-gnu/:/lib/../lib/:/usr/lib/x86_64-linux-gnu/:/usr/lib/../lib/:/usr/lib/gcc/x86_64-linux-gnu/7/../../../:/lib/:/usr/lib/
COLLECT_GCC_OPTIONS='-v' '-o' 'cmTC_b371e' '-shared-libgcc' '-mtune=generic' '-march=x86-64'
 /usr/lib/gcc/x86_64-linux-gnu/7/collect2 -plugin /usr/lib/gcc/x86_64-linux-gnu/7/liblto_plugin.so -plugin-opt=/usr/lib/gcc/x86_64-linux-gnu/7/lto-wrapper -plugin-opt=-fresolution=/tmp/cc9Vc4sC.res -plugin-opt=-pass-through=-lgcc_s -plugin-opt=-pass-through=-lgcc -plugin-opt=-pass-through=-lc -plugin-opt=-pass-through=-lgcc_s -plugin-opt=-pass-through=-lgcc --build-id --eh-frame-hdr -m elf_x86_64 --hash-style=gnu --as-needed -dynamic-linker /lib64/ld-linux-x86-64.so.2 -pie -z now -z relro -o cmTC_b371e /usr/lib/gcc/x86_64-linux-gnu/7/../../../x86_64-linux-gnu/Scrt1.o /usr/lib/gcc/x86_64-linux-gnu/7/../../../x86_64-linux-gnu/crti.o /usr/lib/gcc/x86_64-linux-gnu/7/crtbeginS.o -L/usr/lib/gcc/x86_64-linux-gnu/7 -L/usr/lib/gcc/x86_64-linux-gnu/7/../../../x86_64-linux-gnu -L/usr/lib/gcc/x86_64-linux-gnu/7/../../../../lib -L/lib/x86_64-linux-gnu -L/lib/../lib -L/usr/lib/x86_64-linux-gnu -L/usr/lib/../lib -L/usr/lib/gcc/x86_64-linux-gnu/7/../../.. CMakeFiles/cmTC_b371e.dir/CMakeCXXCompilerABI.cpp.o -lstdc++ -lm -lgcc_s -lgcc -lc -lgcc_s -lgcc /usr/lib/gcc/x86_64-linux-gnu/7/crtendS.o /usr/lib/gcc/x86_64-linux-gnu/7/../../../x86_64-linux-gnu/crtn.o
COLLECT_GCC_OPTIONS='-v' '-o' 'cmTC_b371e' '-shared-libgcc' '-mtune=generic' '-march=x86-64'
make[1]: Leaving directory '/root/uhd/host/build/CMakeFiles/CMakeTmp'


Parsed CXX implicit link information from above output:
  link line regex: [^( *|.*[/\])(ld|CMAKE_LINK_STARTFILE-NOTFOUND|([^/\]+-)?ld|collect2)[^/\]*( |$)]
  ignore line: [Change Dir: /root/uhd/host/build/CMakeFiles/CMakeTmp]
  ignore line: []
  ignore line: [Run Build Command:"/usr/bin/make" "cmTC_b371e/fast"]
  ignore line: [/usr/bin/make -f CMakeFiles/cmTC_b371e.dir/build.make CMakeFiles/cmTC_b371e.dir/build]
  ignore line: [make[1]: Entering directory '/root/uhd/host/build/CMakeFiles/CMakeTmp']
  ignore line: [Building CXX object CMakeFiles/cmTC_b371e.dir/CMakeCXXCompilerABI.cpp.o]
  ignore line: [/usr/bin/c++     -o CMakeFiles/cmTC_b371e.dir/CMakeCXXCompilerABI.cpp.o -c /usr/share/cmake-3.10/Modules/CMakeCXXCompilerABI.cpp]
  ignore line: [Linking CXX executable cmTC_b371e]
  ignore line: [/usr/bin/cmake -E cmake_link_script CMakeFiles/cmTC_b371e.dir/link.txt --verbose=1]
  ignore line: [/usr/bin/c++      -v CMakeFiles/cmTC_b371e.dir/CMakeCXXCompilerABI.cpp.o  -o cmTC_b371e ]
  ignore line: [Using built-in specs.]
  ignore line: [COLLECT_GCC=/usr/bin/c++]
  ignore line: [COLLECT_LTO_WRAPPER=/usr/lib/gcc/x86_64-linux-gnu/7/lto-wrapper]
  ignore line: [OFFLOAD_TARGET_NAMES=nvptx-none]
  ignore line: [OFFLOAD_TARGET_DEFAULT=1]
  ignore line: [Target: x86_64-linux-gnu]
  ignore line: [Configured with: ../src/configure -v --with-pkgversion='Ubuntu 7.5.0-3ubuntu1~18.04' --with-bugurl=file:///usr/share/doc/gcc-7/README.Bugs --enable-languages=c,ada,c++,go,brig,d,fortran,objc,obj-c++ --prefix=/usr --with-gcc-major-version-only --program-suffix=-7 --program-prefix=x86_64-linux-gnu- --enable-shared --enable-linker-build-id --libexecdir=/usr/lib --without-included-gettext --enable-threads=posix --libdir=/usr/lib --enable-nls --enable-bootstrap --enable-clocale=gnu --enable-libstdcxx-debug --enable-libstdcxx-time=yes --with-default-libstdcxx-abi=new --enable-gnu-unique-object --disable-vtable-verify --enable-libmpx --enable-plugin --enable-default-pie --with-system-zlib --with-target-system-zlib --enable-objc-gc=auto --enable-multiarch --disable-werror --with-arch-32=i686 --with-abi=m64 --with-multilib-list=m32,m64,mx32 --enable-multilib --with-tune=generic --enable-offload-targets=nvptx-none --without-cuda-driver --enable-checking=release --build=x86_64-linux-gnu --host=x86_64-linux-gnu --target=x86_64-linux-gnu]
  ignore line: [Thread model: posix]
  ignore line: [gcc version 7.5.0 (Ubuntu 7.5.0-3ubuntu1~18.04) ]
  ignore line: [COMPILER_PATH=/usr/lib/gcc/x86_64-linux-gnu/7/:/usr/lib/gcc/x86_64-linux-gnu/7/:/usr/lib/gcc/x86_64-linux-gnu/:/usr/lib/gcc/x86_64-linux-gnu/7/:/usr/lib/gcc/x86_64-linux-gnu/]
  ignore line: [LIBRARY_PATH=/usr/lib/gcc/x86_64-linux-gnu/7/:/usr/lib/gcc/x86_64-linux-gnu/7/../../../x86_64-linux-gnu/:/usr/lib/gcc/x86_64-linux-gnu/7/../../../../lib/:/lib/x86_64-linux-gnu/:/lib/../lib/:/usr/lib/x86_64-linux-gnu/:/usr/lib/../lib/:/usr/lib/gcc/x86_64-linux-gnu/7/../../../:/lib/:/usr/lib/]
  ignore line: [COLLECT_GCC_OPTIONS='-v' '-o' 'cmTC_b371e' '-shared-libgcc' '-mtune=generic' '-march=x86-64']
  link line: [ /usr/lib/gcc/x86_64-linux-gnu/7/collect2 -plugin /usr/lib/gcc/x86_64-linux-gnu/7/liblto_plugin.so -plugin-opt=/usr/lib/gcc/x86_64-linux-gnu/7/lto-wrapper -plugin-opt=-fresolution=/tmp/cc9Vc4sC.res -plugin-opt=-pass-through=-lgcc_s -plugin-opt=-pass-through=-lgcc -plugin-opt=-pass-through=-lc -plugin-opt=-pass-through=-lgcc_s -plugin-opt=-pass-through=-lgcc --build-id --eh-frame-hdr -m elf_x86_64 --hash-style=gnu --as-needed -dynamic-linker /lib64/ld-linux-x86-64.so.2 -pie -z now -z relro -o cmTC_b371e /usr/lib/gcc/x86_64-linux-gnu/7/../../../x86_64-linux-gnu/Scrt1.o /usr/lib/gcc/x86_64-linux-gnu/7/../../../x86_64-linux-gnu/crti.o /usr/lib/gcc/x86_64-linux-gnu/7/crtbeginS.o -L/usr/lib/gcc/x86_64-linux-gnu/7 -L/usr/lib/gcc/x86_64-linux-gnu/7/../../../x86_64-linux-gnu -L/usr/lib/gcc/x86_64-linux-gnu/7/../../../../lib -L/lib/x86_64-linux-gnu -L/lib/../lib -L/usr/lib/x86_64-linux-gnu -L/usr/lib/../lib -L/usr/lib/gcc/x86_64-linux-gnu/7/../../.. CMakeFiles/cmTC_b371e.dir/CMakeCXXCompilerABI.cpp.o -lstdc++ -lm -lgcc_s -lgcc -lc -lgcc_s -lgcc /usr/lib/gcc/x86_64-linux-gnu/7/crtendS.o /usr/lib/gcc/x86_64-linux-gnu/7/../../../x86_64-linux-gnu/crtn.o]
    arg [/usr/lib/gcc/x86_64-linux-gnu/7/collect2] ==> ignore
    arg [-plugin] ==> ignore
    arg [/usr/lib/gcc/x86_64-linux-gnu/7/liblto_plugin.so] ==> ignore
    arg [-plugin-opt=/usr/lib/gcc/x86_64-linux-gnu/7/lto-wrapper] ==> ignore
    arg [-plugin-opt=-fresolution=/tmp/cc9Vc4sC.res] ==> ignore
    arg [-plugin-opt=-pass-through=-lgcc_s] ==> ignore
    arg [-plugin-opt=-pass-through=-lgcc] ==> ignore
    arg [-plugin-opt=-pass-through=-lc] ==> ignore
    arg [-plugin-opt=-pass-through=-lgcc_s] ==> ignore
    arg [-plugin-opt=-pass-through=-lgcc] ==> ignore
    arg [--build-id] ==> ignore
    arg [--eh-frame-hdr] ==> ignore
    arg [-m] ==> ignore
    arg [elf_x86_64] ==> ignore
    arg [--hash-style=gnu] ==> ignore
    arg [--as-needed] ==> ignore
    arg [-dynamic-linker] ==> ignore
    arg [/lib64/ld-linux-x86-64.so.2] ==> ignore
    arg [-pie] ==> ignore
    arg [-znow] ==> ignore
    arg [-zrelro] ==> ignore
    arg [-o] ==> ignore
    arg [cmTC_b371e] ==> ignore
    arg [/usr/lib/gcc/x86_64-linux-gnu/7/../../../x86_64-linux-gnu/Scrt1.o] ==> ignore
    arg [/usr/lib/gcc/x86_64-linux-gnu/7/../../../x86_64-linux-gnu/crti.o] ==> ignore
    arg [/usr/lib/gcc/x86_64-linux-gnu/7/crtbeginS.o] ==> ignore
    arg [-L/usr/lib/gcc/x86_64-linux-gnu/7] ==> dir [/usr/lib/gcc/x86_64-linux-gnu/7]
    arg [-L/usr/lib/gcc/x86_64-linux-gnu/7/../../../x86_64-linux-gnu] ==> dir [/usr/lib/gcc/x86_64-linux-gnu/7/../../../x86_64-linux-gnu]
    arg [-L/usr/lib/gcc/x86_64-linux-gnu/7/../../../../lib] ==> dir [/usr/lib/gcc/x86_64-linux-gnu/7/../../../../lib]
    arg [-L/lib/x86_64-linux-gnu] ==> dir [/lib/x86_64-linux-gnu]
    arg [-L/lib/../lib] ==> dir [/lib/../lib]
    arg [-L/usr/lib/x86_64-linux-gnu] ==> dir [/usr/lib/x86_64-linux-gnu]
    arg [-L/usr/lib/../lib] ==> dir [/usr/lib/../lib]
    arg [-L/usr/lib/gcc/x86_64-linux-gnu/7/../../..] ==> dir [/usr/lib/gcc/x86_64-linux-gnu/7/../../..]
    arg [CMakeFiles/cmTC_b371e.dir/CMakeCXXCompilerABI.cpp.o] ==> ignore
    arg [-lstdc++] ==> lib [stdc++]
    arg [-lm] ==> lib [m]
    arg [-lgcc_s] ==> lib [gcc_s]
    arg [-lgcc] ==> lib [gcc]
    arg [-lc] ==> lib [c]
    arg [-lgcc_s] ==> lib [gcc_s]
    arg [-lgcc] ==> lib [gcc]
    arg [/usr/lib/gcc/x86_64-linux-gnu/7/crtendS.o] ==> ignore
    arg [/usr/lib/gcc/x86_64-linux-gnu/7/../../../x86_64-linux-gnu/crtn.o] ==> ignore
  collapse library dir [/usr/lib/gcc/x86_64-linux-gnu/7] ==> [/usr/lib/gcc/x86_64-linux-gnu/7]
  collapse library dir [/usr/lib/gcc/x86_64-linux-gnu/7/../../../x86_64-linux-gnu] ==> [/usr/lib/x86_64-linux-gnu]
  collapse library dir [/usr/lib/gcc/x86_64-linux-gnu/7/../../../../lib] ==> [/usr/lib]
  collapse library dir [/lib/x86_64-linux-gnu] ==> [/lib/x86_64-linux-gnu]
  collapse library dir [/lib/../lib] ==> [/lib]
  collapse library dir [/usr/lib/x86_64-linux-gnu] ==> [/usr/lib/x86_64-linux-gnu]
  collapse library dir [/usr/lib/../lib] ==> [/usr/lib]
  collapse library dir [/usr/lib/gcc/x86_64-linux-gnu/7/../../..] ==> [/usr/lib]
  implicit libs: [stdc++;m;gcc_s;gcc;c;gcc_s;gcc]
  implicit dirs: [/usr/lib/gcc/x86_64-linux-gnu/7;/usr/lib/x86_64-linux-gnu;/usr/lib;/lib/x86_64-linux-gnu;/lib]
  implicit fwks: []




Detecting CXX [-std=c++1z] compiler features compiled with the following output:
Change Dir: /root/uhd/host/build/CMakeFiles/CMakeTmp

Run Build Command:"/usr/bin/make" "cmTC_7512c/fast"
/usr/bin/make -f CMakeFiles/cmTC_7512c.dir/build.make CMakeFiles/cmTC_7512c.dir/build
make[1]: Entering directory '/root/uhd/host/build/CMakeFiles/CMakeTmp'
Building CXX object CMakeFiles/cmTC_7512c.dir/feature_tests.cxx.o
/usr/bin/c++    -std=c++1z -o CMakeFiles/cmTC_7512c.dir/feature_tests.cxx.o -c /root/uhd/host/build/CMakeFiles/feature_tests.cxx
Linking CXX executable cmTC_7512c
/usr/bin/cmake -E cmake_link_script CMakeFiles/cmTC_7512c.dir/link.txt --verbose=1
/usr/bin/c++       CMakeFiles/cmTC_7512c.dir/feature_tests.cxx.o  -o cmTC_7512c 
make[1]: Leaving directory '/root/uhd/host/build/CMakeFiles/CMakeTmp'


    Feature record: CXX_FEATURE:1cxx_aggregate_default_initializers
    Feature record: CXX_FEATURE:1cxx_alias_templates
    Feature record: CXX_FEATURE:1cxx_alignas
    Feature record: CXX_FEATURE:1cxx_alignof
    Feature record: CXX_FEATURE:1cxx_attributes
    Feature record: CXX_FEATURE:1cxx_attribute_deprecated
    Feature record: CXX_FEATURE:1cxx_auto_type
    Feature record: CXX_FEATURE:1cxx_binary_literals
    Feature record: CXX_FEATURE:1cxx_constexpr
    Feature record: CXX_FEATURE:1cxx_contextual_conversions
    Feature record: CXX_FEATURE:1cxx_decltype
    Feature record: CXX_FEATURE:1cxx_decltype_auto
    Feature record: CXX_FEATURE:1cxx_decltype_incomplete_return_types
    Feature record: CXX_FEATURE:1cxx_default_function_template_args
    Feature record: CXX_FEATURE:1cxx_defaulted_functions
    Feature record: CXX_FEATURE:1cxx_defaulted_move_initializers
    Feature record: CXX_FEATURE:1cxx_delegating_constructors
    Feature record: CXX_FEATURE:1cxx_deleted_functions
    Feature record: CXX_FEATURE:1cxx_digit_separators
    Feature record: CXX_FEATURE:1cxx_enum_forward_declarations
    Feature record: CXX_FEATURE:1cxx_explicit_conversions
    Feature record: CXX_FEATURE:1cxx_extended_friend_declarations
    Feature record: CXX_FEATURE:1cxx_extern_templates
    Feature record: CXX_FEATURE:1cxx_final
    Feature record: CXX_FEATURE:1cxx_func_identifier
    Feature record: CXX_FEATURE:1cxx_generalized_initializers
    Feature record: CXX_FEATURE:1cxx_generic_lambdas
    Feature record: CXX_FEATURE:1cxx_inheriting_constructors
    Feature record: CXX_FEATURE:1cxx_inline_namespaces
    Feature record: CXX_FEATURE:1cxx_lambdas
    Feature record: CXX_FEATURE:1cxx_lambda_init_captures
    Feature record: CXX_FEATURE:1cxx_local_type_template_args
    Feature record: CXX_FEATURE:1cxx_long_long_type
    Feature record: CXX_FEATURE:1cxx_noexcept
    Feature record: CXX_FEATURE:1cxx_nonstatic_member_init
    Feature record: CXX_FEATURE:1cxx_nullptr
    Feature record: CXX_FEATURE:1cxx_override
    Feature record: CXX_FEATURE:1cxx_range_for
    Feature record: CXX_FEATURE:1cxx_raw_string_literals
    Feature record: CXX_FEATURE:1cxx_reference_qualified_functions
    Feature record: CXX_FEATURE:1cxx_relaxed_constexpr
    Feature record: CXX_FEATURE:1cxx_return_type_deduction
    Feature record: CXX_FEATURE:1cxx_right_angle_brackets
    Feature record: CXX_FEATURE:1cxx_rvalue_references
    Feature record: CXX_FEATURE:1cxx_sizeof_member
    Feature record: CXX_FEATURE:1cxx_static_assert
    Feature record: CXX_FEATURE:1cxx_strong_enums
    Feature record: CXX_FEATURE:1cxx_template_template_parameters
    Feature record: CXX_FEATURE:1cxx_thread_local
    Feature record: CXX_FEATURE:1cxx_trailing_return_types
    Feature record: CXX_FEATURE:1cxx_unicode_literals
    Feature record: CXX_FEATURE:1cxx_uniform_initialization
    Feature record: CXX_FEATURE:1cxx_unrestricted_unions
    Feature record: CXX_FEATURE:1cxx_user_literals
    Feature record: CXX_FEATURE:1cxx_variable_templates
    Feature record: CXX_FEATURE:1cxx_variadic_macros
    Feature record: CXX_FEATURE:1cxx_variadic_templates


Detecting CXX [-std=c++14] compiler features compiled with the following output:
Change Dir: /root/uhd/host/build/CMakeFiles/CMakeTmp

Run Build Command:"/usr/bin/make" "cmTC_3ff63/fast"
/usr/bin/make -f CMakeFiles/cmTC_3ff63.dir/build.make CMakeFiles/cmTC_3ff63.dir/build
make[1]: Entering directory '/root/uhd/host/build/CMakeFiles/CMakeTmp'
Building CXX object CMakeFiles/cmTC_3ff63.dir/feature_tests.cxx.o
/usr/bin/c++    -std=c++14 -o CMakeFiles/cmTC_3ff63.dir/feature_tests.cxx.o -c /root/uhd/host/build/CMakeFiles/feature_tests.cxx
Linking CXX executable cmTC_3ff63
/usr/bin/cmake -E cmake_link_script CMakeFiles/cmTC_3ff63.dir/link.txt --verbose=1
/usr/bin/c++       CMakeFiles/cmTC_3ff63.dir/feature_tests.cxx.o  -o cmTC_3ff63 
make[1]: Leaving directory '/root/uhd/host/build/CMakeFiles/CMakeTmp'


    Feature record: CXX_FEATURE:1cxx_aggregate_default_initializers
    Feature record: CXX_FEATURE:1cxx_alias_templates
    Feature record: CXX_FEATURE:1cxx_alignas
    Feature record: CXX_FEATURE:1cxx_alignof
    Feature record: CXX_FEATURE:1cxx_attributes
    Feature record: CXX_FEATURE:1cxx_attribute_deprecated
    Feature record: CXX_FEATURE:1cxx_auto_type
    Feature record: CXX_FEATURE:1cxx_binary_literals
    Feature record: CXX_FEATURE:1cxx_constexpr
    Feature record: CXX_FEATURE:1cxx_contextual_conversions
    Feature record: CXX_FEATURE:1cxx_decltype
    Feature record: CXX_FEATURE:1cxx_decltype_auto
    Feature record: CXX_FEATURE:1cxx_decltype_incomplete_return_types
    Feature record: CXX_FEATURE:1cxx_default_function_template_args
    Feature record: CXX_FEATURE:1cxx_defaulted_functions
    Feature record: CXX_FEATURE:1cxx_defaulted_move_initializers
    Feature record: CXX_FEATURE:1cxx_delegating_constructors
    Feature record: CXX_FEATURE:1cxx_deleted_functions
    Feature record: CXX_FEATURE:1cxx_digit_separators
    Feature record: CXX_FEATURE:1cxx_enum_forward_declarations
    Feature record: CXX_FEATURE:1cxx_explicit_conversions
    Feature record: CXX_FEATURE:1cxx_extended_friend_declarations
    Feature record: CXX_FEATURE:1cxx_extern_templates
    Feature record: CXX_FEATURE:1cxx_final
    Feature record: CXX_FEATURE:1cxx_func_identifier
    Feature record: CXX_FEATURE:1cxx_generalized_initializers
    Feature record: CXX_FEATURE:1cxx_generic_lambdas
    Feature record: CXX_FEATURE:1cxx_inheriting_constructors
    Feature record: CXX_FEATURE:1cxx_inline_namespaces
    Feature record: CXX_FEATURE:1cxx_lambdas
    Feature record: CXX_FEATURE:1cxx_lambda_init_captures
    Feature record: CXX_FEATURE:1cxx_local_type_template_args
    Feature record: CXX_FEATURE:1cxx_long_long_type
    Feature record: CXX_FEATURE:1cxx_noexcept
    Feature record: CXX_FEATURE:1cxx_nonstatic_member_init
    Feature record: CXX_FEATURE:1cxx_nullptr
    Feature record: CXX_FEATURE:1cxx_override
    Feature record: CXX_FEATURE:1cxx_range_for
    Feature record: CXX_FEATURE:1cxx_raw_string_literals
    Feature record: CXX_FEATURE:1cxx_reference_qualified_functions
    Feature record: CXX_FEATURE:1cxx_relaxed_constexpr
    Feature record: CXX_FEATURE:1cxx_return_type_deduction
    Feature record: CXX_FEATURE:1cxx_right_angle_brackets
    Feature record: CXX_FEATURE:1cxx_rvalue_references
    Feature record: CXX_FEATURE:1cxx_sizeof_member
    Feature record: CXX_FEATURE:1cxx_static_assert
    Feature record: CXX_FEATURE:1cxx_strong_enums
    Feature record: CXX_FEATURE:1cxx_template_template_parameters
    Feature record: CXX_FEATURE:1cxx_thread_local
    Feature record: CXX_FEATURE:1cxx_trailing_return_types
    Feature record: CXX_FEATURE:1cxx_unicode_literals
    Feature record: CXX_FEATURE:1cxx_uniform_initialization
    Feature record: CXX_FEATURE:1cxx_unrestricted_unions
    Feature record: CXX_FEATURE:1cxx_user_literals
    Feature record: CXX_FEATURE:1cxx_variable_templates
    Feature record: CXX_FEATURE:1cxx_variadic_macros
    Feature record: CXX_FEATURE:1cxx_variadic_templates


Detecting CXX [-std=c++11] compiler features compiled with the following output:
Change Dir: /root/uhd/host/build/CMakeFiles/CMakeTmp

Run Build Command:"/usr/bin/make" "cmTC_4715e/fast"
/usr/bin/make -f CMakeFiles/cmTC_4715e.dir/build.make CMakeFiles/cmTC_4715e.dir/build
make[1]: Entering directory '/root/uhd/host/build/CMakeFiles/CMakeTmp'
Building CXX object CMakeFiles/cmTC_4715e.dir/feature_tests.cxx.o
/usr/bin/c++    -std=c++11 -o CMakeFiles/cmTC_4715e.dir/feature_tests.cxx.o -c /root/uhd/host/build/CMakeFiles/feature_tests.cxx
Linking CXX executable cmTC_4715e
/usr/bin/cmake -E cmake_link_script CMakeFiles/cmTC_4715e.dir/link.txt --verbose=1
/usr/bin/c++       CMakeFiles/cmTC_4715e.dir/feature_tests.cxx.o  -o cmTC_4715e 
make[1]: Leaving directory '/root/uhd/host/build/CMakeFiles/CMakeTmp'


    Feature record: CXX_FEATURE:0cxx_aggregate_default_initializers
    Feature record: CXX_FEATURE:1cxx_alias_templates
    Feature record: CXX_FEATURE:1cxx_alignas
    Feature record: CXX_FEATURE:1cxx_alignof
    Feature record: CXX_FEATURE:1cxx_attributes
    Feature record: CXX_FEATURE:0cxx_attribute_deprecated
    Feature record: CXX_FEATURE:1cxx_auto_type
    Feature record: CXX_FEATURE:0cxx_binary_literals
    Feature record: CXX_FEATURE:1cxx_constexpr
    Feature record: CXX_FEATURE:0cxx_contextual_conversions
    Feature record: CXX_FEATURE:1cxx_decltype
    Feature record: CXX_FEATURE:0cxx_decltype_auto
    Feature record: CXX_FEATURE:1cxx_decltype_incomplete_return_types
    Feature record: CXX_FEATURE:1cxx_default_function_template_args
    Feature record: CXX_FEATURE:1cxx_defaulted_functions
    Feature record: CXX_FEATURE:1cxx_defaulted_move_initializers
    Feature record: CXX_FEATURE:1cxx_delegating_constructors
    Feature record: CXX_FEATURE:1cxx_deleted_functions
    Feature record: CXX_FEATURE:0cxx_digit_separators
    Feature record: CXX_FEATURE:1cxx_enum_forward_declarations
    Feature record: CXX_FEATURE:1cxx_explicit_conversions
    Feature record: CXX_FEATURE:1cxx_extended_friend_declarations
    Feature record: CXX_FEATURE:1cxx_extern_templates
    Feature record: CXX_FEATURE:1cxx_final
    Feature record: CXX_FEATURE:1cxx_func_identifier
    Feature record: CXX_FEATURE:1cxx_generalized_initializers
    Feature record: CXX_FEATURE:0cxx_generic_lambdas
    Feature record: CXX_FEATURE:1cxx_inheriting_constructors
    Feature record: CXX_FEATURE:1cxx_inline_namespaces
    Feature record: CXX_FEATURE:1cxx_lambdas
    Feature record: CXX_FEATURE:0cxx_lambda_init_captures
    Feature record: CXX_FEATURE:1cxx_local_type_template_args
    Feature record: CXX_FEATURE:1cxx_long_long_type
    Feature record: CXX_FEATURE:1cxx_noexcept
    Feature record: CXX_FEATURE:1cxx_nonstatic_member_init
    Feature record: CXX_FEATURE:1cxx_nullptr
    Feature record: CXX_FEATURE:1cxx_override
    Feature record: CXX_FEATURE:1cxx_range_for
    Feature record: CXX_FEATURE:1cxx_raw_string_literals
    Feature record: CXX_FEATURE:1cxx_reference_qualified_functions
    Feature record: CXX_FEATURE:0cxx_relaxed_constexpr
    Feature record: CXX_FEATURE:0cxx_return_type_deduction
    Feature record: CXX_FEATURE:1cxx_right_angle_brackets
    Feature record: CXX_FEATURE:1cxx_rvalue_references
    Feature record: CXX_FEATURE:1cxx_sizeof_member
    Feature record: CXX_FEATURE:1cxx_static_assert
    Feature record: CXX_FEATURE:1cxx_strong_enums
    Feature record: CXX_FEATURE:1cxx_template_template_parameters
    Feature record: CXX_FEATURE:1cxx_thread_local
    Feature record: CXX_FEATURE:1cxx_trailing_return_types
    Feature record: CXX_FEATURE:1cxx_unicode_literals
    Feature record: CXX_FEATURE:1cxx_uniform_initialization
    Feature record: CXX_FEATURE:1cxx_unrestricted_unions
    Feature record: CXX_FEATURE:1cxx_user_literals
    Feature record: CXX_FEATURE:0cxx_variable_templates
    Feature record: CXX_FEATURE:1cxx_variadic_macros
    Feature record: CXX_FEATURE:1cxx_variadic_templates


Detecting CXX [-std=c++98] compiler features compiled with the following output:
Change Dir: /root/uhd/host/build/CMakeFiles/CMakeTmp

Run Build Command:"/usr/bin/make" "cmTC_436bf/fast"
/usr/bin/make -f CMakeFiles/cmTC_436bf.dir/build.make CMakeFiles/cmTC_436bf.dir/build
make[1]: Entering directory '/root/uhd/host/build/CMakeFiles/CMakeTmp'
Building CXX object CMakeFiles/cmTC_436bf.dir/feature_tests.cxx.o
/usr/bin/c++    -std=c++98 -o CMakeFiles/cmTC_436bf.dir/feature_tests.cxx.o -c /root/uhd/host/build/CMakeFiles/feature_tests.cxx
Linking CXX executable cmTC_436bf
/usr/bin/cmake -E cmake_link_script CMakeFiles/cmTC_436bf.dir/link.txt --verbose=1
/usr/bin/c++       CMakeFiles/cmTC_436bf.dir/feature_tests.cxx.o  -o cmTC_436bf 
make[1]: Leaving directory '/root/uhd/host/build/CMakeFiles/CMakeTmp'


    Feature record: CXX_FEATURE:0cxx_aggregate_default_initializers
    Feature record: CXX_FEATURE:0cxx_alias_templates
    Feature record: CXX_FEATURE:0cxx_alignas
    Feature record: CXX_FEATURE:0cxx_alignof
    Feature record: CXX_FEATURE:0cxx_attributes
    Feature record: CXX_FEATURE:0cxx_attribute_deprecated
    Feature record: CXX_FEATURE:0cxx_auto_type
    Feature record: CXX_FEATURE:0cxx_binary_literals
    Feature record: CXX_FEATURE:0cxx_constexpr
    Feature record: CXX_FEATURE:0cxx_contextual_conversions
    Feature record: CXX_FEATURE:0cxx_decltype
    Feature record: CXX_FEATURE:0cxx_decltype_auto
    Feature record: CXX_FEATURE:0cxx_decltype_incomplete_return_types
    Feature record: CXX_FEATURE:0cxx_default_function_template_args
    Feature record: CXX_FEATURE:0cxx_defaulted_functions
    Feature record: CXX_FEATURE:0cxx_defaulted_move_initializers
    Feature record: CXX_FEATURE:0cxx_delegating_constructors
    Feature record: CXX_FEATURE:0cxx_deleted_functions
    Feature record: CXX_FEATURE:0cxx_digit_separators
    Feature record: CXX_FEATURE:0cxx_enum_forward_declarations
    Feature record: CXX_FEATURE:0cxx_explicit_conversions
    Feature record: CXX_FEATURE:0cxx_extended_friend_declarations
    Feature record: CXX_FEATURE:0cxx_extern_templates
    Feature record: CXX_FEATURE:0cxx_final
    Feature record: CXX_FEATURE:0cxx_func_identifier
    Feature record: CXX_FEATURE:0cxx_generalized_initializers
    Feature record: CXX_FEATURE:0cxx_generic_lambdas
    Feature record: CXX_FEATURE:0cxx_inheriting_constructors
    Feature record: CXX_FEATURE:0cxx_inline_namespaces
    Feature record: CXX_FEATURE:0cxx_lambdas
    Feature record: CXX_FEATURE:0cxx_lambda_init_captures
    Feature record: CXX_FEATURE:0cxx_local_type_template_args
    Feature record: CXX_FEATURE:0cxx_long_long_type
    Feature record: CXX_FEATURE:0cxx_noexcept
    Feature record: CXX_FEATURE:0cxx_nonstatic_member_init
    Feature record: CXX_FEATURE:0cxx_nullptr
    Feature record: CXX_FEATURE:0cxx_override
    Feature record: CXX_FEATURE:0cxx_range_for
    Feature record: CXX_FEATURE:0cxx_raw_string_literals
    Feature record: CXX_FEATURE:0cxx_reference_qualified_functions
    Feature record: CXX_FEATURE:0cxx_relaxed_constexpr
    Feature record: CXX_FEATURE:0cxx_return_type_deduction
    Feature record: CXX_FEATURE:0cxx_right_angle_brackets
    Feature record: CXX_FEATURE:0cxx_rvalue_references
    Feature record: CXX_FEATURE:0cxx_sizeof_member
    Feature record: CXX_FEATURE:0cxx_static_assert
    Feature record: CXX_FEATURE:0cxx_strong_enums
    Feature record: CXX_FEATURE:1cxx_template_template_parameters
    Feature record: CXX_FEATURE:0cxx_thread_local
    Feature record: CXX_FEATURE:0cxx_trailing_return_types
    Feature record: CXX_FEATURE:0cxx_unicode_literals
    Feature record: CXX_FEATURE:0cxx_uniform_initialization
    Feature record: CXX_FEATURE:0cxx_unrestricted_unions
    Feature record: CXX_FEATURE:0cxx_user_literals
    Feature record: CXX_FEATURE:0cxx_variable_templates
    Feature record: CXX_FEATURE:0cxx_variadic_macros
    Feature record: CXX_FEATURE:0cxx_variadic_templates
Determining if the C compiler works passed with the following output:
Change Dir: /root/uhd/host/build/CMakeFiles/CMakeTmp

Run Build Command:"/usr/bin/make" "cmTC_51ed7/fast"
/usr/bin/make -f CMakeFiles/cmTC_51ed7.dir/build.make CMakeFiles/cmTC_51ed7.dir/build
make[1]: Entering directory '/root/uhd/host/build/CMakeFiles/CMakeTmp'
Building C object CMakeFiles/cmTC_51ed7.dir/testCCompiler.c.o
/usr/bin/cc    -o CMakeFiles/cmTC_51ed7.dir/testCCompiler.c.o   -c /root/uhd/host/build/CMakeFiles/CMakeTmp/testCCompiler.c
Linking C executable cmTC_51ed7
/usr/bin/cmake -E cmake_link_script CMakeFiles/cmTC_51ed7.dir/link.txt --verbose=1
/usr/bin/cc      CMakeFiles/cmTC_51ed7.dir/testCCompiler.c.o  -o cmTC_51ed7 
make[1]: Leaving directory '/root/uhd/host/build/CMakeFiles/CMakeTmp'


Detecting C compiler ABI info compiled with the following output:
Change Dir: /root/uhd/host/build/CMakeFiles/CMakeTmp

Run Build Command:"/usr/bin/make" "cmTC_abdbe/fast"
/usr/bin/make -f CMakeFiles/cmTC_abdbe.dir/build.make CMakeFiles/cmTC_abdbe.dir/build
make[1]: Entering directory '/root/uhd/host/build/CMakeFiles/CMakeTmp'
Building C object CMakeFiles/cmTC_abdbe.dir/CMakeCCompilerABI.c.o
/usr/bin/cc    -o CMakeFiles/cmTC_abdbe.dir/CMakeCCompilerABI.c.o   -c /usr/share/cmake-3.10/Modules/CMakeCCompilerABI.c
Linking C executable cmTC_abdbe
/usr/bin/cmake -E cmake_link_script CMakeFiles/cmTC_abdbe.dir/link.txt --verbose=1
/usr/bin/cc     -v CMakeFiles/cmTC_abdbe.dir/CMakeCCompilerABI.c.o  -o cmTC_abdbe 
Using built-in specs.
COLLECT_GCC=/usr/bin/cc
COLLECT_LTO_WRAPPER=/usr/lib/gcc/x86_64-linux-gnu/7/lto-wrapper
OFFLOAD_TARGET_NAMES=nvptx-none
OFFLOAD_TARGET_DEFAULT=1
Target: x86_64-linux-gnu
Configured with: ../src/configure -v --with-pkgversion='Ubuntu 7.5.0-3ubuntu1~18.04' --with-bugurl=file:///usr/share/doc/gcc-7/README.Bugs --enable-languages=c,ada,c++,go,brig,d,fortran,objc,obj-c++ --prefix=/usr --with-gcc-major-version-only --program-suffix=-7 --program-prefix=x86_64-linux-gnu- --enable-shared --enable-linker-build-id --libexecdir=/usr/lib --without-included-gettext --enable-threads=posix --libdir=/usr/lib --enable-nls --enable-bootstrap --enable-clocale=gnu --enable-libstdcxx-debug --enable-libstdcxx-time=yes --with-default-libstdcxx-abi=new --enable-gnu-unique-object --disable-vtable-verify --enable-libmpx --enable-plugin --enable-default-pie --with-system-zlib --with-target-system-zlib --enable-objc-gc=auto --enable-multiarch --disable-werror --with-arch-32=i686 --with-abi=m64 --with-multilib-list=m32,m64,mx32 --enable-multilib --with-tune=generic --enable-offload-targets=nvptx-none --without-cuda-driver --enable-checking=release --build=x86_64-linux-gnu --host=x86_64-linux-gnu --target=x86_64-linux-gnu
Thread model: posix
gcc version 7.5.0 (Ubuntu 7.5.0-3ubuntu1~18.04) 
COMPILER_PATH=/usr/lib/gcc/x86_64-linux-gnu/7/:/usr/lib/gcc/x86_64-linux-gnu/7/:/usr/lib/gcc/x86_64-linux-gnu/:/usr/lib/gcc/x86_64-linux-gnu/7/:/usr/lib/gcc/x86_64-linux-gnu/
LIBRARY_PATH=/usr/lib/gcc/x86_64-linux-gnu/7/:/usr/lib/gcc/x86_64-linux-gnu/7/../../../x86_64-linux-gnu/:/usr/lib/gcc/x86_64-linux-gnu/7/../../../../lib/:/lib/x86_64-linux-gnu/:/lib/../lib/:/usr/lib/x86_64-linux-gnu/:/usr/lib/../lib/:/usr/lib/gcc/x86_64-linux-gnu/7/../../../:/lib/:/usr/lib/
COLLECT_GCC_OPTIONS='-v' '-o' 'cmTC_abdbe' '-mtune=generic' '-march=x86-64'
 /usr/lib/gcc/x86_64-linux-gnu/7/collect2 -plugin /usr/lib/gcc/x86_64-linux-gnu/7/liblto_plugin.so -plugin-opt=/usr/lib/gcc/x86_64-linux-gnu/7/lto-wrapper -plugin-opt=-fresolution=/tmp/ccclYbBY.res -plugin-opt=-pass-through=-lgcc -plugin-opt=-pass-through=-lgcc_s -plugin-opt=-pass-through=-lc -plugin-opt=-pass-through=-lgcc -plugin-opt=-pass-through=-lgcc_s --build-id --eh-frame-hdr -m elf_x86_64 --hash-style=gnu --as-needed -dynamic-linker /lib64/ld-linux-x86-64.so.2 -pie -z now -z relro -o cmTC_abdbe /usr/lib/gcc/x86_64-linux-gnu/7/../../../x86_64-linux-gnu/Scrt1.o /usr/lib/gcc/x86_64-linux-gnu/7/../../../x86_64-linux-gnu/crti.o /usr/lib/gcc/x86_64-linux-gnu/7/crtbeginS.o -L/usr/lib/gcc/x86_64-linux-gnu/7 -L/usr/lib/gcc/x86_64-linux-gnu/7/../../../x86_64-linux-gnu -L/usr/lib/gcc/x86_64-linux-gnu/7/../../../../lib -L/lib/x86_64-linux-gnu -L/lib/../lib -L/usr/lib/x86_64-linux-gnu -L/usr/lib/../lib -L/usr/lib/gcc/x86_64-linux-gnu/7/../../.. CMakeFiles/cmTC_abdbe.dir/CMakeCCompilerABI.c.o -lgcc --push-state --as-needed -lgcc_s --pop-state -lc -lgcc --push-state --as-needed -lgcc_s --pop-state /usr/lib/gcc/x86_64-linux-gnu/7/crtendS.o /usr/lib/gcc/x86_64-linux-gnu/7/../../../x86_64-linux-gnu/crtn.o
COLLECT_GCC_OPTIONS='-v' '-o' 'cmTC_abdbe' '-mtune=generic' '-march=x86-64'
make[1]: Leaving directory '/root/uhd/host/build/CMakeFiles/CMakeTmp'


Parsed C implicit link information from above output:
  link line regex: [^( *|.*[/\])(ld|CMAKE_LINK_STARTFILE-NOTFOUND|([^/\]+-)?ld|collect2)[^/\]*( |$)]
  ignore line: [Change Dir: /root/uhd/host/build/CMakeFiles/CMakeTmp]
  ignore line: []
  ignore line: [Run Build Command:"/usr/bin/make" "cmTC_abdbe/fast"]
  ignore line: [/usr/bin/make -f CMakeFiles/cmTC_abdbe.dir/build.make CMakeFiles/cmTC_abdbe.dir/build]
  ignore line: [make[1]: Entering directory '/root/uhd/host/build/CMakeFiles/CMakeTmp']
  ignore line: [Building C object CMakeFiles/cmTC_abdbe.dir/CMakeCCompilerABI.c.o]
  ignore line: [/usr/bin/cc    -o CMakeFiles/cmTC_abdbe.dir/CMakeCCompilerABI.c.o   -c /usr/share/cmake-3.10/Modules/CMakeCCompilerABI.c]
  ignore line: [Linking C executable cmTC_abdbe]
  ignore line: [/usr/bin/cmake -E cmake_link_script CMakeFiles/cmTC_abdbe.dir/link.txt --verbose=1]
  ignore line: [/usr/bin/cc     -v CMakeFiles/cmTC_abdbe.dir/CMakeCCompilerABI.c.o  -o cmTC_abdbe ]
  ignore line: [Using built-in specs.]
  ignore line: [COLLECT_GCC=/usr/bin/cc]
  ignore line: [COLLECT_LTO_WRAPPER=/usr/lib/gcc/x86_64-linux-gnu/7/lto-wrapper]
  ignore line: [OFFLOAD_TARGET_NAMES=nvptx-none]
  ignore line: [OFFLOAD_TARGET_DEFAULT=1]
  ignore line: [Target: x86_64-linux-gnu]
  ignore line: [Configured with: ../src/configure -v --with-pkgversion='Ubuntu 7.5.0-3ubuntu1~18.04' --with-bugurl=file:///usr/share/doc/gcc-7/README.Bugs --enable-languages=c,ada,c++,go,brig,d,fortran,objc,obj-c++ --prefix=/usr --with-gcc-major-version-only --program-suffix=-7 --program-prefix=x86_64-linux-gnu- --enable-shared --enable-linker-build-id --libexecdir=/usr/lib --without-included-gettext --enable-threads=posix --libdir=/usr/lib --enable-nls --enable-bootstrap --enable-clocale=gnu --enable-libstdcxx-debug --enable-libstdcxx-time=yes --with-default-libstdcxx-abi=new --enable-gnu-unique-object --disable-vtable-verify --enable-libmpx --enable-plugin --enable-default-pie --with-system-zlib --with-target-system-zlib --enable-objc-gc=auto --enable-multiarch --disable-werror --with-arch-32=i686 --with-abi=m64 --with-multilib-list=m32,m64,mx32 --enable-multilib --with-tune=generic --enable-offload-targets=nvptx-none --without-cuda-driver --enable-checking=release --build=x86_64-linux-gnu --host=x86_64-linux-gnu --target=x86_64-linux-gnu]
  ignore line: [Thread model: posix]
  ignore line: [gcc version 7.5.0 (Ubuntu 7.5.0-3ubuntu1~18.04) ]
  ignore line: [COMPILER_PATH=/usr/lib/gcc/x86_64-linux-gnu/7/:/usr/lib/gcc/x86_64-linux-gnu/7/:/usr/lib/gcc/x86_64-linux-gnu/:/usr/lib/gcc/x86_64-linux-gnu/7/:/usr/lib/gcc/x86_64-linux-gnu/]
  ignore line: [LIBRARY_PATH=/usr/lib/gcc/x86_64-linux-gnu/7/:/usr/lib/gcc/x86_64-linux-gnu/7/../../../x86_64-linux-gnu/:/usr/lib/gcc/x86_64-linux-gnu/7/../../../../lib/:/lib/x86_64-linux-gnu/:/lib/../lib/:/usr/lib/x86_64-linux-gnu/:/usr/lib/../lib/:/usr/lib/gcc/x86_64-linux-gnu/7/../../../:/lib/:/usr/lib/]
  ignore line: [COLLECT_GCC_OPTIONS='-v' '-o' 'cmTC_abdbe' '-mtune=generic' '-march=x86-64']
  link line: [ /usr/lib/gcc/x86_64-linux-gnu/7/collect2 -plugin /usr/lib/gcc/x86_64-linux-gnu/7/liblto_plugin.so -plugin-opt=/usr/lib/gcc/x86_64-linux-gnu/7/lto-wrapper -plugin-opt=-fresolution=/tmp/ccclYbBY.res -plugin-opt=-pass-through=-lgcc -plugin-opt=-pass-through=-lgcc_s -plugin-opt=-pass-through=-lc -plugin-opt=-pass-through=-lgcc -plugin-opt=-pass-through=-lgcc_s --build-id --eh-frame-hdr -m elf_x86_64 --hash-style=gnu --as-needed -dynamic-linker /lib64/ld-linux-x86-64.so.2 -pie -z now -z relro -o cmTC_abdbe /usr/lib/gcc/x86_64-linux-gnu/7/../../../x86_64-linux-gnu/Scrt1.o /usr/lib/gcc/x86_64-linux-gnu/7/../../../x86_64-linux-gnu/crti.o /usr/lib/gcc/x86_64-linux-gnu/7/crtbeginS.o -L/usr/lib/gcc/x86_64-linux-gnu/7 -L/usr/lib/gcc/x86_64-linux-gnu/7/../../../x86_64-linux-gnu -L/usr/lib/gcc/x86_64-linux-gnu/7/../../../../lib -L/lib/x86_64-linux-gnu -L/lib/../lib -L/usr/lib/x86_64-linux-gnu -L/usr/lib/../lib -L/usr/lib/gcc/x86_64-linux-gnu/7/../../.. CMakeFiles/cmTC_abdbe.dir/CMakeCCompilerABI.c.o -lgcc --push-state --as-needed -lgcc_s --pop-state -lc -lgcc --push-state --as-needed -lgcc_s --pop-state /usr/lib/gcc/x86_64-linux-gnu/7/crtendS.o /usr/lib/gcc/x86_64-linux-gnu/7/../../../x86_64-linux-gnu/crtn.o]
    arg [/usr/lib/gcc/x86_64-linux-gnu/7/collect2] ==> ignore
    arg [-plugin] ==> ignore
    arg [/usr/lib/gcc/x86_64-linux-gnu/7/liblto_plugin.so] ==> ignore
    arg [-plugin-opt=/usr/lib/gcc/x86_64-linux-gnu/7/lto-wrapper] ==> ignore
    arg [-plugin-opt=-fresolution=/tmp/ccclYbBY.res] ==> ignore
    arg [-plugin-opt=-pass-through=-lgcc] ==> ignore
    arg [-plugin-opt=-pass-through=-lgcc_s] ==> ignore
    arg [-plugin-opt=-pass-through=-lc] ==> ignore
    arg [-plugin-opt=-pass-through=-lgcc] ==> ignore
    arg [-plugin-opt=-pass-through=-lgcc_s] ==> ignore
    arg [--build-id] ==> ignore
    arg [--eh-frame-hdr] ==> ignore
    arg [-m] ==> ignore
    arg [elf_x86_64] ==> ignore
    arg [--hash-style=gnu] ==> ignore
    arg [--as-needed] ==> ignore
    arg [-dynamic-linker] ==> ignore
    arg [/lib64/ld-linux-x86-64.so.2] ==> ignore
    arg [-pie] ==> ignore
    arg [-znow] ==> ignore
    arg [-zrelro] ==> ignore
    arg [-o] ==> ignore
    arg [cmTC_abdbe] ==> ignore
    arg [/usr/lib/gcc/x86_64-linux-gnu/7/../../../x86_64-linux-gnu/Scrt1.o] ==> ignore
    arg [/usr/lib/gcc/x86_64-linux-gnu/7/../../../x86_64-linux-gnu/crti.o] ==> ignore
    arg [/usr/lib/gcc/x86_64-linux-gnu/7/crtbeginS.o] ==> ignore
    arg [-L/usr/lib/gcc/x86_64-linux-gnu/7] ==> dir [/usr/lib/gcc/x86_64-linux-gnu/7]
    arg [-L/usr/lib/gcc/x86_64-linux-gnu/7/../../../x86_64-linux-gnu] ==> dir [/usr/lib/gcc/x86_64-linux-gnu/7/../../../x86_64-linux-gnu]
    arg [-L/usr/lib/gcc/x86_64-linux-gnu/7/../../../../lib] ==> dir [/usr/lib/gcc/x86_64-linux-gnu/7/../../../../lib]
    arg [-L/lib/x86_64-linux-gnu] ==> dir [/lib/x86_64-linux-gnu]
    arg [-L/lib/../lib] ==> dir [/lib/../lib]
    arg [-L/usr/lib/x86_64-linux-gnu] ==> dir [/usr/lib/x86_64-linux-gnu]
    arg [-L/usr/lib/../lib] ==> dir [/usr/lib/../lib]
    arg [-L/usr/lib/gcc/x86_64-linux-gnu/7/../../..] ==> dir [/usr/lib/gcc/x86_64-linux-gnu/7/../../..]
    arg [CMakeFiles/cmTC_abdbe.dir/CMakeCCompilerABI.c.o] ==> ignore
    arg [-lgcc] ==> lib [gcc]
    arg [--push-state] ==> ignore
    arg [--as-needed] ==> ignore
    arg [-lgcc_s] ==> lib [gcc_s]
    arg [--pop-state] ==> ignore
    arg [-lc] ==> lib [c]
    arg [-lgcc] ==> lib [gcc]
    arg [--push-state] ==> ignore
    arg [--as-needed] ==> ignore
    arg [-lgcc_s] ==> lib [gcc_s]
    arg [--pop-state] ==> ignore
    arg [/usr/lib/gcc/x86_64-linux-gnu/7/crtendS.o] ==> ignore
    arg [/usr/lib/gcc/x86_64-linux-gnu/7/../../../x86_64-linux-gnu/crtn.o] ==> ignore
  collapse library dir [/usr/lib/gcc/x86_64-linux-gnu/7] ==> [/usr/lib/gcc/x86_64-linux-gnu/7]
  collapse library dir [/usr/lib/gcc/x86_64-linux-gnu/7/../../../x86_64-linux-gnu] ==> [/usr/lib/x86_64-linux-gnu]
  collapse library dir [/usr/lib/gcc/x86_64-linux-gnu/7/../../../../lib] ==> [/usr/lib]
  collapse library dir [/lib/x86_64-linux-gnu] ==> [/lib/x86_64-linux-gnu]
  collapse library dir [/lib/../lib] ==> [/lib]
  collapse library dir [/usr/lib/x86_64-linux-gnu] ==> [/usr/lib/x86_64-linux-gnu]
  collapse library dir [/usr/lib/../lib] ==> [/usr/lib]
  collapse library dir [/usr/lib/gcc/x86_64-linux-gnu/7/../../..] ==> [/usr/lib]
  implicit libs: [gcc;gcc_s;c;gcc;gcc_s]
  implicit dirs: [/usr/lib/gcc/x86_64-linux-gnu/7;/usr/lib/x86_64-linux-gnu;/usr/lib;/lib/x86_64-linux-gnu;/lib]
  implicit fwks: []




Detecting C [-std=c11] compiler features compiled with the following output:
Change Dir: /root/uhd/host/build/CMakeFiles/CMakeTmp

Run Build Command:"/usr/bin/make" "cmTC_24a51/fast"
/usr/bin/make -f CMakeFiles/cmTC_24a51.dir/build.make CMakeFiles/cmTC_24a51.dir/build
make[1]: Entering directory '/root/uhd/host/build/CMakeFiles/CMakeTmp'
Building C object CMakeFiles/cmTC_24a51.dir/feature_tests.c.o
/usr/bin/cc   -std=c11 -o CMakeFiles/cmTC_24a51.dir/feature_tests.c.o   -c /root/uhd/host/build/CMakeFiles/feature_tests.c
Linking C executable cmTC_24a51
/usr/bin/cmake -E cmake_link_script CMakeFiles/cmTC_24a51.dir/link.txt --verbose=1
/usr/bin/cc      CMakeFiles/cmTC_24a51.dir/feature_tests.c.o  -o cmTC_24a51 
make[1]: Leaving directory '/root/uhd/host/build/CMakeFiles/CMakeTmp'


    Feature record: C_FEATURE:1c_function_prototypes
    Feature record: C_FEATURE:1c_restrict
    Feature record: C_FEATURE:1c_static_assert
    Feature record: C_FEATURE:1c_variadic_macros


Detecting C [-std=c99] compiler features compiled with the following output:
Change Dir: /root/uhd/host/build/CMakeFiles/CMakeTmp

Run Build Command:"/usr/bin/make" "cmTC_34c3a/fast"
/usr/bin/make -f CMakeFiles/cmTC_34c3a.dir/build.make CMakeFiles/cmTC_34c3a.dir/build
make[1]: Entering directory '/root/uhd/host/build/CMakeFiles/CMakeTmp'
Building C object CMakeFiles/cmTC_34c3a.dir/feature_tests.c.o
/usr/bin/cc   -std=c99 -o CMakeFiles/cmTC_34c3a.dir/feature_tests.c.o   -c /root/uhd/host/build/CMakeFiles/feature_tests.c
Linking C executable cmTC_34c3a
/usr/bin/cmake -E cmake_link_script CMakeFiles/cmTC_34c3a.dir/link.txt --verbose=1
/usr/bin/cc      CMakeFiles/cmTC_34c3a.dir/feature_tests.c.o  -o cmTC_34c3a 
make[1]: Leaving directory '/root/uhd/host/build/CMakeFiles/CMakeTmp'


    Feature record: C_FEATURE:1c_function_prototypes
    Feature record: C_FEATURE:1c_restrict
    Feature record: C_FEATURE:0c_static_assert
    Feature record: C_FEATURE:1c_variadic_macros


Detecting C [-std=c90] compiler features compiled with the following output:
Change Dir: /root/uhd/host/build/CMakeFiles/CMakeTmp

Run Build Command:"/usr/bin/make" "cmTC_99082/fast"
/usr/bin/make -f CMakeFiles/cmTC_99082.dir/build.make CMakeFiles/cmTC_99082.dir/build
make[1]: Entering directory '/root/uhd/host/build/CMakeFiles/CMakeTmp'
Building C object CMakeFiles/cmTC_99082.dir/feature_tests.c.o
/usr/bin/cc   -std=c90 -o CMakeFiles/cmTC_99082.dir/feature_tests.c.o   -c /root/uhd/host/build/CMakeFiles/feature_tests.c
Linking C executable cmTC_99082
/usr/bin/cmake -E cmake_link_script CMakeFiles/cmTC_99082.dir/link.txt --verbose=1
/usr/bin/cc      CMakeFiles/cmTC_99082.dir/feature_tests.c.o  -o cmTC_99082 
make[1]: Leaving directory '/root/uhd/host/build/CMakeFiles/CMakeTmp'


    Feature record: C_FEATURE:1c_function_prototypes
    Feature record: C_FEATURE:0c_restrict
    Feature record: C_FEATURE:0c_static_assert
    Feature record: C_FEATURE:0c_variadic_macros
Performing C++ SOURCE FILE Test HAVE_VISIBILITY_HIDDEN succeeded with the following output:
Change Dir: /root/uhd/host/build/CMakeFiles/CMakeTmp

Run Build Command:"/usr/bin/make" "cmTC_dde0f/fast"
/usr/bin/make -f CMakeFiles/cmTC_dde0f.dir/build.make CMakeFiles/cmTC_dde0f.dir/build
make[1]: Entering directory '/root/uhd/host/build/CMakeFiles/CMakeTmp'
Building CXX object CMakeFiles/cmTC_dde0f.dir/src.cxx.o
/usr/bin/c++    -DHAVE_VISIBILITY_HIDDEN   -fvisibility=hidden -o CMakeFiles/cmTC_dde0f.dir/src.cxx.o -c /root/uhd/host/build/CMakeFiles/CMakeTmp/src.cxx
Linking CXX executable cmTC_dde0f
/usr/bin/cmake -E cmake_link_script CMakeFiles/cmTC_dde0f.dir/link.txt --verbose=1
/usr/bin/c++   -DHAVE_VISIBILITY_HIDDEN    CMakeFiles/cmTC_dde0f.dir/src.cxx.o  -o cmTC_dde0f 
make[1]: Leaving directory '/root/uhd/host/build/CMakeFiles/CMakeTmp'

Source file was:
int main() { return 0; }
Performing C++ SOURCE FILE Test HAVE_VISIBILITY_INLINES_HIDDEN succeeded with the following output:
Change Dir: /root/uhd/host/build/CMakeFiles/CMakeTmp

Run Build Command:"/usr/bin/make" "cmTC_a1d74/fast"
/usr/bin/make -f CMakeFiles/cmTC_a1d74.dir/build.make CMakeFiles/cmTC_a1d74.dir/build
make[1]: Entering directory '/root/uhd/host/build/CMakeFiles/CMakeTmp'
Building CXX object CMakeFiles/cmTC_a1d74.dir/src.cxx.o
/usr/bin/c++    -fvisibility=hidden -DHAVE_VISIBILITY_INLINES_HIDDEN   -fvisibility-inlines-hidden -o CMakeFiles/cmTC_a1d74.dir/src.cxx.o -c /root/uhd/host/build/CMakeFiles/CMakeTmp/src.cxx
Linking CXX executable cmTC_a1d74
/usr/bin/cmake -E cmake_link_script CMakeFiles/cmTC_a1d74.dir/link.txt --verbose=1
/usr/bin/c++   -fvisibility=hidden -DHAVE_VISIBILITY_INLINES_HIDDEN    CMakeFiles/cmTC_a1d74.dir/src.cxx.o  -o cmTC_a1d74 
make[1]: Leaving directory '/root/uhd/host/build/CMakeFiles/CMakeTmp'

Source file was:
int main() { return 0; }
Determining if the include file pthread.h exists passed with the following output:
Change Dir: /root/uhd/host/build/CMakeFiles/CMakeTmp

Run Build Command:"/usr/bin/make" "cmTC_77741/fast"
/usr/bin/make -f CMakeFiles/cmTC_77741.dir/build.make CMakeFiles/cmTC_77741.dir/build
make[1]: Entering directory '/root/uhd/host/build/CMakeFiles/CMakeTmp'
Building C object CMakeFiles/cmTC_77741.dir/CheckIncludeFile.c.o
/usr/bin/cc    -o CMakeFiles/cmTC_77741.dir/CheckIncludeFile.c.o   -c /root/uhd/host/build/CMakeFiles/CMakeTmp/CheckIncludeFile.c
Linking C executable cmTC_77741
/usr/bin/cmake -E cmake_link_script CMakeFiles/cmTC_77741.dir/link.txt --verbose=1
/usr/bin/cc      CMakeFiles/cmTC_77741.dir/CheckIncludeFile.c.o  -o cmTC_77741 
make[1]: Leaving directory '/root/uhd/host/build/CMakeFiles/CMakeTmp'


Determining if the function pthread_create exists in the pthread passed with the following output:
Change Dir: /root/uhd/host/build/CMakeFiles/CMakeTmp

Run Build Command:"/usr/bin/make" "cmTC_ea48a/fast"
/usr/bin/make -f CMakeFiles/cmTC_ea48a.dir/build.make CMakeFiles/cmTC_ea48a.dir/build
make[1]: Entering directory '/root/uhd/host/build/CMakeFiles/CMakeTmp'
Building C object CMakeFiles/cmTC_ea48a.dir/CheckFunctionExists.c.o
/usr/bin/cc   -DCHECK_FUNCTION_EXISTS=pthread_create   -o CMakeFiles/cmTC_ea48a.dir/CheckFunctionExists.c.o   -c /usr/share/cmake-3.10/Modules/CheckFunctionExists.c
Linking C executable cmTC_ea48a
/usr/bin/cmake -E cmake_link_script CMakeFiles/cmTC_ea48a.dir/link.txt --verbose=1
/usr/bin/cc  -DCHECK_FUNCTION_EXISTS=pthread_create    CMakeFiles/cmTC_ea48a.dir/CheckFunctionExists.c.o  -o cmTC_ea48a -lpthread 
make[1]: Leaving directory '/root/uhd/host/build/CMakeFiles/CMakeTmp'


Determining if the function libusb_handle_events_timeout_completed exists passed with the following output:
Change Dir: /root/uhd/host/build/CMakeFiles/CMakeTmp

Run Build Command:"/usr/bin/make" "cmTC_92832/fast"
/usr/bin/make -f CMakeFiles/cmTC_92832.dir/build.make CMakeFiles/cmTC_92832.dir/build
make[1]: Entering directory '/root/uhd/host/build/CMakeFiles/CMakeTmp'
Building C object CMakeFiles/cmTC_92832.dir/CheckFunctionExists.c.o
/usr/bin/cc  -I/usr/include/libusb-1.0  -DCHECK_FUNCTION_EXISTS=libusb_handle_events_timeout_completed   -o CMakeFiles/cmTC_92832.dir/CheckFunctionExists.c.o   -c /usr/share/cmake-3.10/Modules/CheckFunctionExists.c
Linking C executable cmTC_92832
/usr/bin/cmake -E cmake_link_script CMakeFiles/cmTC_92832.dir/link.txt --verbose=1
/usr/bin/cc  -DCHECK_FUNCTION_EXISTS=libusb_handle_events_timeout_completed    CMakeFiles/cmTC_92832.dir/CheckFunctionExists.c.o  -o cmTC_92832 /usr/lib/x86_64-linux-gnu/libusb-1.0.so 
make[1]: Leaving directory '/root/uhd/host/build/CMakeFiles/CMakeTmp'


Determining if the function libusb_error_name exists passed with the following output:
Change Dir: /root/uhd/host/build/CMakeFiles/CMakeTmp

Run Build Command:"/usr/bin/make" "cmTC_5b4bb/fast"
/usr/bin/make -f CMakeFiles/cmTC_5b4bb.dir/build.make CMakeFiles/cmTC_5b4bb.dir/build
make[1]: Entering directory '/root/uhd/host/build/CMakeFiles/CMakeTmp'
Building C object CMakeFiles/cmTC_5b4bb.dir/CheckFunctionExists.c.o
/usr/bin/cc  -I/usr/include/libusb-1.0  -DCHECK_FUNCTION_EXISTS=libusb_error_name   -o CMakeFiles/cmTC_5b4bb.dir/CheckFunctionExists.c.o   -c /usr/share/cmake-3.10/Modules/CheckFunctionExists.c
Linking C executable cmTC_5b4bb
/usr/bin/cmake -E cmake_link_script CMakeFiles/cmTC_5b4bb.dir/link.txt --verbose=1
/usr/bin/cc  -DCHECK_FUNCTION_EXISTS=libusb_error_name    CMakeFiles/cmTC_5b4bb.dir/CheckFunctionExists.c.o  -o cmTC_5b4bb /usr/lib/x86_64-linux-gnu/libusb-1.0.so 
make[1]: Leaving directory '/root/uhd/host/build/CMakeFiles/CMakeTmp'


Determining if the function libusb_strerror exists passed with the following output:
Change Dir: /root/uhd/host/build/CMakeFiles/CMakeTmp

Run Build Command:"/usr/bin/make" "cmTC_a4d0b/fast"
/usr/bin/make -f CMakeFiles/cmTC_a4d0b.dir/build.make CMakeFiles/cmTC_a4d0b.dir/build
make[1]: Entering directory '/root/uhd/host/build/CMakeFiles/CMakeTmp'
Building C object CMakeFiles/cmTC_a4d0b.dir/CheckFunctionExists.c.o
/usr/bin/cc  -I/usr/include/libusb-1.0  -DCHECK_FUNCTION_EXISTS=libusb_strerror   -o CMakeFiles/cmTC_a4d0b.dir/CheckFunctionExists.c.o   -c /usr/share/cmake-3.10/Modules/CheckFunctionExists.c
Linking C executable cmTC_a4d0b
/usr/bin/cmake -E cmake_link_script CMakeFiles/cmTC_a4d0b.dir/link.txt --verbose=1
/usr/bin/cc  -DCHECK_FUNCTION_EXISTS=libusb_strerror    CMakeFiles/cmTC_a4d0b.dir/CheckFunctionExists.c.o  -o cmTC_a4d0b /usr/lib/x86_64-linux-gnu/libusb-1.0.so 
make[1]: Leaving directory '/root/uhd/host/build/CMakeFiles/CMakeTmp'


Determining if the include file emmintrin.h exists passed with the following output:
Change Dir: /root/uhd/host/build/CMakeFiles/CMakeTmp

Run Build Command:"/usr/bin/make" "cmTC_daaf1/fast"
/usr/bin/make -f CMakeFiles/cmTC_daaf1.dir/build.make CMakeFiles/cmTC_daaf1.dir/build
make[1]: Entering directory '/root/uhd/host/build/CMakeFiles/CMakeTmp'
Building CXX object CMakeFiles/cmTC_daaf1.dir/CheckIncludeFile.cxx.o
/usr/bin/c++   -I/usr/include/libusb-1.0  -fvisibility=hidden -fvisibility-inlines-hidden -msse2   -o CMakeFiles/cmTC_daaf1.dir/CheckIncludeFile.cxx.o -c /root/uhd/host/build/CMakeFiles/CMakeTmp/CheckIncludeFile.cxx
Linking CXX executable cmTC_daaf1
/usr/bin/cmake -E cmake_link_script CMakeFiles/cmTC_daaf1.dir/link.txt --verbose=1
/usr/bin/c++   -fvisibility=hidden -fvisibility-inlines-hidden -msse2    CMakeFiles/cmTC_daaf1.dir/CheckIncludeFile.cxx.o  -o cmTC_daaf1 
make[1]: Leaving directory '/root/uhd/host/build/CMakeFiles/CMakeTmp'


Performing C++ SOURCE FILE Test HAVE_PTHREAD_SETSCHEDPARAM succeeded with the following output:
Change Dir: /root/uhd/host/build/CMakeFiles/CMakeTmp

Run Build Command:"/usr/bin/make" "cmTC_50e4a/fast"
/usr/bin/make -f CMakeFiles/cmTC_50e4a.dir/build.make CMakeFiles/cmTC_50e4a.dir/build
make[1]: Entering directory '/root/uhd/host/build/CMakeFiles/CMakeTmp'
Building CXX object CMakeFiles/cmTC_50e4a.dir/src.cxx.o
/usr/bin/c++   -I/usr/include/libusb-1.0  -fvisibility=hidden -fvisibility-inlines-hidden -DHAVE_PTHREAD_SETSCHEDPARAM   -o CMakeFiles/cmTC_50e4a.dir/src.cxx.o -c /root/uhd/host/build/CMakeFiles/CMakeTmp/src.cxx
Linking CXX executable cmTC_50e4a
/usr/bin/cmake -E cmake_link_script CMakeFiles/cmTC_50e4a.dir/link.txt --verbose=1
/usr/bin/c++   -fvisibility=hidden -fvisibility-inlines-hidden -DHAVE_PTHREAD_SETSCHEDPARAM    CMakeFiles/cmTC_50e4a.dir/src.cxx.o  -o cmTC_50e4a /usr/lib/x86_64-linux-gnu/libusb-1.0.so 
make[1]: Leaving directory '/root/uhd/host/build/CMakeFiles/CMakeTmp'

Source file was:

    #include <pthread.h>
    int main(){
        struct sched_param sp;
        pthread_setschedparam(pthread_self(), SCHED_RR, &sp);
        return 0;
    }
    
Performing C++ SOURCE FILE Test HAVE_PTHREAD_SETNAME succeeded with the following output:
Change Dir: /root/uhd/host/build/CMakeFiles/CMakeTmp

Run Build Command:"/usr/bin/make" "cmTC_6cf29/fast"
/usr/bin/make -f CMakeFiles/cmTC_6cf29.dir/build.make CMakeFiles/cmTC_6cf29.dir/build
make[1]: Entering directory '/root/uhd/host/build/CMakeFiles/CMakeTmp'
Building CXX object CMakeFiles/cmTC_6cf29.dir/src.cxx.o
/usr/bin/c++   -I/usr/include/libusb-1.0  -fvisibility=hidden -fvisibility-inlines-hidden -DHAVE_PTHREAD_SETNAME   -o CMakeFiles/cmTC_6cf29.dir/src.cxx.o -c /root/uhd/host/build/CMakeFiles/CMakeTmp/src.cxx
Linking CXX executable cmTC_6cf29
/usr/bin/cmake -E cmake_link_script CMakeFiles/cmTC_6cf29.dir/link.txt --verbose=1
/usr/bin/c++   -fvisibility=hidden -fvisibility-inlines-hidden -DHAVE_PTHREAD_SETNAME    CMakeFiles/cmTC_6cf29.dir/src.cxx.o  -o cmTC_6cf29 -lpthread 
make[1]: Leaving directory '/root/uhd/host/build/CMakeFiles/CMakeTmp'

Source file was:

    #include <pthread.h>
    int main(){
        pthread_t pt;
        const char* pt_name = "test";
        pthread_setname_np(pt, pt_name);
        return 0;
    }
    
Performing C++ SOURCE FILE Test HAVE_CLOCK_GETTIME succeeded with the following output:
Change Dir: /root/uhd/host/build/CMakeFiles/CMakeTmp

Run Build Command:"/usr/bin/make" "cmTC_0c3d5/fast"
/usr/bin/make -f CMakeFiles/cmTC_0c3d5.dir/build.make CMakeFiles/cmTC_0c3d5.dir/build
make[1]: Entering directory '/root/uhd/host/build/CMakeFiles/CMakeTmp'
Building CXX object CMakeFiles/cmTC_0c3d5.dir/src.cxx.o
/usr/bin/c++   -I/usr/include/libusb-1.0  -fvisibility=hidden -fvisibility-inlines-hidden -DHAVE_CLOCK_GETTIME   -o CMakeFiles/cmTC_0c3d5.dir/src.cxx.o -c /root/uhd/host/build/CMakeFiles/CMakeTmp/src.cxx
Linking CXX executable cmTC_0c3d5
/usr/bin/cmake -E cmake_link_script CMakeFiles/cmTC_0c3d5.dir/link.txt --verbose=1
/usr/bin/c++   -fvisibility=hidden -fvisibility-inlines-hidden -DHAVE_CLOCK_GETTIME    CMakeFiles/cmTC_0c3d5.dir/src.cxx.o  -o cmTC_0c3d5 -lrt 
make[1]: Leaving directory '/root/uhd/host/build/CMakeFiles/CMakeTmp'

Source file was:

    #include <ctime>
    int main(){
        timespec ts;
        return clock_gettime(CLOCK_MONOTONIC, &ts);
    }
    
Performing C++ SOURCE FILE Test HAVE_DLOPEN succeeded with the following output:
Change Dir: /root/uhd/host/build/CMakeFiles/CMakeTmp

Run Build Command:"/usr/bin/make" "cmTC_282ae/fast"
/usr/bin/make -f CMakeFiles/cmTC_282ae.dir/build.make CMakeFiles/cmTC_282ae.dir/build
make[1]: Entering directory '/root/uhd/host/build/CMakeFiles/CMakeTmp'
Building CXX object CMakeFiles/cmTC_282ae.dir/src.cxx.o
/usr/bin/c++   -I/usr/include/libusb-1.0  -fvisibility=hidden -fvisibility-inlines-hidden -DHAVE_DLOPEN   -o CMakeFiles/cmTC_282ae.dir/src.cxx.o -c /root/uhd/host/build/CMakeFiles/CMakeTmp/src.cxx
Linking CXX executable cmTC_282ae
/usr/bin/cmake -E cmake_link_script CMakeFiles/cmTC_282ae.dir/link.txt --verbose=1
/usr/bin/c++   -fvisibility=hidden -fvisibility-inlines-hidden -DHAVE_DLOPEN    CMakeFiles/cmTC_282ae.dir/src.cxx.o  -o cmTC_282ae -ldl 
make[1]: Leaving directory '/root/uhd/host/build/CMakeFiles/CMakeTmp'

Source file was:

    #include <dlfcn.h>
    int main(){
        dlopen(0, 0);
        return 0;
    }
    
Performing C++ SOURCE FILE Test HAVE_GETIFADDRS succeeded with the following output:
Change Dir: /root/uhd/host/build/CMakeFiles/CMakeTmp

Run Build Command:"/usr/bin/make" "cmTC_54c43/fast"
/usr/bin/make -f CMakeFiles/cmTC_54c43.dir/build.make CMakeFiles/cmTC_54c43.dir/build
make[1]: Entering directory '/root/uhd/host/build/CMakeFiles/CMakeTmp'
Building CXX object CMakeFiles/cmTC_54c43.dir/src.cxx.o
/usr/bin/c++   -I/usr/include/libusb-1.0  -fvisibility=hidden -fvisibility-inlines-hidden -DHAVE_GETIFADDRS   -o CMakeFiles/cmTC_54c43.dir/src.cxx.o -c /root/uhd/host/build/CMakeFiles/CMakeTmp/src.cxx
Linking CXX executable cmTC_54c43
/usr/bin/cmake -E cmake_link_script CMakeFiles/cmTC_54c43.dir/link.txt --verbose=1
/usr/bin/c++   -fvisibility=hidden -fvisibility-inlines-hidden -DHAVE_GETIFADDRS    CMakeFiles/cmTC_54c43.dir/src.cxx.o  -o cmTC_54c43 
make[1]: Leaving directory '/root/uhd/host/build/CMakeFiles/CMakeTmp'

Source file was:

    #include <ifaddrs.h>
    int main(){
        struct ifaddrs *ifap;
        getifaddrs(&ifap);
        return 0;
    }
    
Performing C SOURCE FILE Test HAVE_C99_STRUCTDECL succeeded with the following output:
Change Dir: /root/uhd/host/build/CMakeFiles/CMakeTmp

Run Build Command:"/usr/bin/make" "cmTC_1638e/fast"
/usr/bin/make -f CMakeFiles/cmTC_1638e.dir/build.make CMakeFiles/cmTC_1638e.dir/build
make[1]: Entering directory '/root/uhd/host/build/CMakeFiles/CMakeTmp'
Building C object CMakeFiles/cmTC_1638e.dir/src.c.o
/usr/bin/cc   -DHAVE_C99_STRUCTDECL   -o CMakeFiles/cmTC_1638e.dir/src.c.o   -c /root/uhd/host/build/CMakeFiles/CMakeTmp/src.c
Linking C executable cmTC_1638e
/usr/bin/cmake -E cmake_link_script CMakeFiles/cmTC_1638e.dir/link.txt --verbose=1
/usr/bin/cc  -DHAVE_C99_STRUCTDECL    CMakeFiles/cmTC_1638e.dir/src.c.o  -o cmTC_1638e 
make[1]: Leaving directory '/root/uhd/host/build/CMakeFiles/CMakeTmp'

Source file was:

    typedef struct {
        int bar;
        int baz;
    } foo;

    int main()
    {
        foo wat = {
            .bar = 1,
            .baz = 2
        };

        return 0;
    }
    
