Determining if the pthread_create exist failed with the following output:
Change Dir: /root/uhd/host/build/CMakeFiles/CMakeTmp

Run Build Command:"/usr/bin/make" "cmTC_f1335/fast"
/usr/bin/make -f CMakeFiles/cmTC_f1335.dir/build.make CMakeFiles/cmTC_f1335.dir/build
make[1]: Entering directory '/root/uhd/host/build/CMakeFiles/CMakeTmp'
Building C object CMakeFiles/cmTC_f1335.dir/CheckSymbolExists.c.o
/usr/bin/cc    -o CMakeFiles/cmTC_f1335.dir/CheckSymbolExists.c.o   -c /root/uhd/host/build/CMakeFiles/CMakeTmp/CheckSymbolExists.c
Linking C executable cmTC_f1335
/usr/bin/cmake -E cmake_link_script CMakeFiles/cmTC_f1335.dir/link.txt --verbose=1
/usr/bin/cc      CMakeFiles/cmTC_f1335.dir/CheckSymbolExists.c.o  -o cmTC_f1335 
CMakeFiles/cmTC_f1335.dir/CheckSymbolExists.c.o: In function `main':
CheckSymbolExists.c:(.text+0x1b): undefined reference to `pthread_create'
collect2: error: ld returned 1 exit status
CMakeFiles/cmTC_f1335.dir/build.make:97: recipe for target 'cmTC_f1335' failed
make[1]: *** [cmTC_f1335] Error 1
make[1]: Leaving directory '/root/uhd/host/build/CMakeFiles/CMakeTmp'
Makefile:126: recipe for target 'cmTC_f1335/fast' failed
make: *** [cmTC_f1335/fast] Error 2

File /root/uhd/host/build/CMakeFiles/CMakeTmp/CheckSymbolExists.c:
/* */
#include <pthread.h>

int main(int argc, char** argv)
{
  (void)argv;
#ifndef pthread_create
  return ((int*)(&pthread_create))[argc];
#else
  (void)argc;
  return 0;
#endif
}

Determining if the function pthread_create exists in the pthreads failed with the following output:
Change Dir: /root/uhd/host/build/CMakeFiles/CMakeTmp

Run Build Command:"/usr/bin/make" "cmTC_0eb89/fast"
/usr/bin/make -f CMakeFiles/cmTC_0eb89.dir/build.make CMakeFiles/cmTC_0eb89.dir/build
make[1]: Entering directory '/root/uhd/host/build/CMakeFiles/CMakeTmp'
Building C object CMakeFiles/cmTC_0eb89.dir/CheckFunctionExists.c.o
/usr/bin/cc   -DCHECK_FUNCTION_EXISTS=pthread_create   -o CMakeFiles/cmTC_0eb89.dir/CheckFunctionExists.c.o   -c /usr/share/cmake-3.10/Modules/CheckFunctionExists.c
Linking C executable cmTC_0eb89
/usr/bin/cmake -E cmake_link_script CMakeFiles/cmTC_0eb89.dir/link.txt --verbose=1
/usr/bin/cc  -DCHECK_FUNCTION_EXISTS=pthread_create    CMakeFiles/cmTC_0eb89.dir/CheckFunctionExists.c.o  -o cmTC_0eb89 -lpthreads 
/usr/bin/ld: cannot find -lpthreads
collect2: error: ld returned 1 exit status
CMakeFiles/cmTC_0eb89.dir/build.make:97: recipe for target 'cmTC_0eb89' failed
make[1]: *** [cmTC_0eb89] Error 1
make[1]: Leaving directory '/root/uhd/host/build/CMakeFiles/CMakeTmp'
Makefile:126: recipe for target 'cmTC_0eb89/fast' failed
make: *** [cmTC_0eb89/fast] Error 2


Determining if the include file arm_neon.h exists failed with the following output:
Change Dir: /root/uhd/host/build/CMakeFiles/CMakeTmp

Run Build Command:"/usr/bin/make" "cmTC_08d11/fast"
/usr/bin/make -f CMakeFiles/cmTC_08d11.dir/build.make CMakeFiles/cmTC_08d11.dir/build
make[1]: Entering directory '/root/uhd/host/build/CMakeFiles/CMakeTmp'
Building CXX object CMakeFiles/cmTC_08d11.dir/CheckIncludeFile.cxx.o
/usr/bin/c++   -I/usr/include/libusb-1.0  -fvisibility=hidden -fvisibility-inlines-hidden    -o CMakeFiles/cmTC_08d11.dir/CheckIncludeFile.cxx.o -c /root/uhd/host/build/CMakeFiles/CMakeTmp/CheckIncludeFile.cxx
/root/uhd/host/build/CMakeFiles/CMakeTmp/CheckIncludeFile.cxx:1:10: fatal error: arm_neon.h: No such file or directory
 #include <arm_neon.h>
          ^~~~~~~~~~~~
compilation terminated.
CMakeFiles/cmTC_08d11.dir/build.make:65: recipe for target 'CMakeFiles/cmTC_08d11.dir/CheckIncludeFile.cxx.o' failed
make[1]: *** [CMakeFiles/cmTC_08d11.dir/CheckIncludeFile.cxx.o] Error 1
make[1]: Leaving directory '/root/uhd/host/build/CMakeFiles/CMakeTmp'
Makefile:126: recipe for target 'cmTC_08d11/fast' failed
make: *** [cmTC_08d11/fast] Error 2


Performing C++ SOURCE FILE Test HAVE_WIN_SETTHREADPRIORITY failed with the following output:
Change Dir: /root/uhd/host/build/CMakeFiles/CMakeTmp

Run Build Command:"/usr/bin/make" "cmTC_82a2b/fast"
/usr/bin/make -f CMakeFiles/cmTC_82a2b.dir/build.make CMakeFiles/cmTC_82a2b.dir/build
make[1]: Entering directory '/root/uhd/host/build/CMakeFiles/CMakeTmp'
Building CXX object CMakeFiles/cmTC_82a2b.dir/src.cxx.o
/usr/bin/c++   -I/usr/include/libusb-1.0  -fvisibility=hidden -fvisibility-inlines-hidden -DHAVE_WIN_SETTHREADPRIORITY   -o CMakeFiles/cmTC_82a2b.dir/src.cxx.o -c /root/uhd/host/build/CMakeFiles/CMakeTmp/src.cxx
/root/uhd/host/build/CMakeFiles/CMakeTmp/src.cxx:2:14: fatal error: windows.h: No such file or directory
     #include <windows.h>
              ^~~~~~~~~~~
compilation terminated.
CMakeFiles/cmTC_82a2b.dir/build.make:65: recipe for target 'CMakeFiles/cmTC_82a2b.dir/src.cxx.o' failed
make[1]: *** [CMakeFiles/cmTC_82a2b.dir/src.cxx.o] Error 1
make[1]: Leaving directory '/root/uhd/host/build/CMakeFiles/CMakeTmp'
Makefile:126: recipe for target 'cmTC_82a2b/fast' failed
make: *** [cmTC_82a2b/fast] Error 2

Source file was:

    #include <windows.h>
    int main(){
        SetThreadPriority(GetCurrentThread(), 0);
        SetPriorityClass(GetCurrentProcess(), 0);
        return 0;
    }
    
Performing C++ SOURCE FILE Test HAVE_MACH_ABSOLUTE_TIME failed with the following output:
Change Dir: /root/uhd/host/build/CMakeFiles/CMakeTmp

Run Build Command:"/usr/bin/make" "cmTC_4c483/fast"
/usr/bin/make -f CMakeFiles/cmTC_4c483.dir/build.make CMakeFiles/cmTC_4c483.dir/build
make[1]: Entering directory '/root/uhd/host/build/CMakeFiles/CMakeTmp'
Building CXX object CMakeFiles/cmTC_4c483.dir/src.cxx.o
/usr/bin/c++   -I/usr/include/libusb-1.0  -fvisibility=hidden -fvisibility-inlines-hidden -DHAVE_MACH_ABSOLUTE_TIME   -o CMakeFiles/cmTC_4c483.dir/src.cxx.o -c /root/uhd/host/build/CMakeFiles/CMakeTmp/src.cxx
/root/uhd/host/build/CMakeFiles/CMakeTmp/src.cxx:2:14: fatal error: mach/mach_time.h: No such file or directory
     #include <mach/mach_time.h>
              ^~~~~~~~~~~~~~~~~~
compilation terminated.
CMakeFiles/cmTC_4c483.dir/build.make:65: recipe for target 'CMakeFiles/cmTC_4c483.dir/src.cxx.o' failed
make[1]: *** [CMakeFiles/cmTC_4c483.dir/src.cxx.o] Error 1
make[1]: Leaving directory '/root/uhd/host/build/CMakeFiles/CMakeTmp'
Makefile:126: recipe for target 'cmTC_4c483/fast' failed
make: *** [cmTC_4c483/fast] Error 2

Source file was:

    #include <mach/mach_time.h>
    int main(){
        mach_timebase_info_data_t info;
        mach_timebase_info(&info);
        mach_absolute_time();
        return 0;
    }
    
Performing C++ SOURCE FILE Test HAVE_QUERY_PERFORMANCE_COUNTER failed with the following output:
Change Dir: /root/uhd/host/build/CMakeFiles/CMakeTmp

Run Build Command:"/usr/bin/make" "cmTC_65fa6/fast"
/usr/bin/make -f CMakeFiles/cmTC_65fa6.dir/build.make CMakeFiles/cmTC_65fa6.dir/build
make[1]: Entering directory '/root/uhd/host/build/CMakeFiles/CMakeTmp'
Building CXX object CMakeFiles/cmTC_65fa6.dir/src.cxx.o
/usr/bin/c++   -I/usr/include/libusb-1.0  -fvisibility=hidden -fvisibility-inlines-hidden -DHAVE_QUERY_PERFORMANCE_COUNTER   -o CMakeFiles/cmTC_65fa6.dir/src.cxx.o -c /root/uhd/host/build/CMakeFiles/CMakeTmp/src.cxx
/root/uhd/host/build/CMakeFiles/CMakeTmp/src.cxx:2:14: fatal error: Windows.h: No such file or directory
     #include <Windows.h>
              ^~~~~~~~~~~
compilation terminated.
CMakeFiles/cmTC_65fa6.dir/build.make:65: recipe for target 'CMakeFiles/cmTC_65fa6.dir/src.cxx.o' failed
make[1]: *** [CMakeFiles/cmTC_65fa6.dir/src.cxx.o] Error 1
make[1]: Leaving directory '/root/uhd/host/build/CMakeFiles/CMakeTmp'
Makefile:126: recipe for target 'cmTC_65fa6/fast' failed
make: *** [cmTC_65fa6/fast] Error 2

Source file was:

    #include <Windows.h>
    int main(){
        LARGE_INTEGER value;
        QueryPerformanceCounter(&value);
        QueryPerformanceFrequency(&value);
        return 0;
    }
    
Performing C++ SOURCE FILE Test HAVE_LOAD_LIBRARY failed with the following output:
Change Dir: /root/uhd/host/build/CMakeFiles/CMakeTmp

Run Build Command:"/usr/bin/make" "cmTC_f3504/fast"
/usr/bin/make -f CMakeFiles/cmTC_f3504.dir/build.make CMakeFiles/cmTC_f3504.dir/build
make[1]: Entering directory '/root/uhd/host/build/CMakeFiles/CMakeTmp'
Building CXX object CMakeFiles/cmTC_f3504.dir/src.cxx.o
/usr/bin/c++   -I/usr/include/libusb-1.0  -fvisibility=hidden -fvisibility-inlines-hidden -DHAVE_LOAD_LIBRARY   -o CMakeFiles/cmTC_f3504.dir/src.cxx.o -c /root/uhd/host/build/CMakeFiles/CMakeTmp/src.cxx
/root/uhd/host/build/CMakeFiles/CMakeTmp/src.cxx:3:14: fatal error: windows.h: No such file or directory
     #include <windows.h>
              ^~~~~~~~~~~
compilation terminated.
CMakeFiles/cmTC_f3504.dir/build.make:65: recipe for target 'CMakeFiles/cmTC_f3504.dir/src.cxx.o' failed
make[1]: *** [CMakeFiles/cmTC_f3504.dir/src.cxx.o] Error 1
make[1]: Leaving directory '/root/uhd/host/build/CMakeFiles/CMakeTmp'
Makefile:126: recipe for target 'cmTC_f3504/fast' failed
make: *** [cmTC_f3504/fast] Error 2

Source file was:

    #define WIN32_LEAN_AND_MEAN
    #include <windows.h>
    int main(){
        LoadLibrary(0);
        return 0;
    }
    
Determining if the include file winsock2.h exists failed with the following output:
Change Dir: /root/uhd/host/build/CMakeFiles/CMakeTmp

Run Build Command:"/usr/bin/make" "cmTC_760ac/fast"
/usr/bin/make -f CMakeFiles/cmTC_760ac.dir/build.make CMakeFiles/cmTC_760ac.dir/build
make[1]: Entering directory '/root/uhd/host/build/CMakeFiles/CMakeTmp'
Building CXX object CMakeFiles/cmTC_760ac.dir/CheckIncludeFile.cxx.o
/usr/bin/c++   -I/usr/include/libusb-1.0  -fvisibility=hidden -fvisibility-inlines-hidden    -o CMakeFiles/cmTC_760ac.dir/CheckIncludeFile.cxx.o -c /root/uhd/host/build/CMakeFiles/CMakeTmp/CheckIncludeFile.cxx
/root/uhd/host/build/CMakeFiles/CMakeTmp/CheckIncludeFile.cxx:1:10: fatal error: winsock2.h: No such file or directory
 #include <winsock2.h>
          ^~~~~~~~~~~~
compilation terminated.
CMakeFiles/cmTC_760ac.dir/build.make:65: recipe for target 'CMakeFiles/cmTC_760ac.dir/CheckIncludeFile.cxx.o' failed
make[1]: *** [CMakeFiles/cmTC_760ac.dir/CheckIncludeFile.cxx.o] Error 1
make[1]: Leaving directory '/root/uhd/host/build/CMakeFiles/CMakeTmp'
Makefile:126: recipe for target 'cmTC_760ac/fast' failed
make: *** [cmTC_760ac/fast] Error 2


Determining if the include file atlbase.h exists failed with the following output:
Change Dir: /root/uhd/host/build/CMakeFiles/CMakeTmp

Run Build Command:"/usr/bin/make" "cmTC_22321/fast"
/usr/bin/make -f CMakeFiles/cmTC_22321.dir/build.make CMakeFiles/cmTC_22321.dir/build
make[1]: Entering directory '/root/uhd/host/build/CMakeFiles/CMakeTmp'
Building CXX object CMakeFiles/cmTC_22321.dir/CheckIncludeFile.cxx.o
/usr/bin/c++   -I/usr/include/libusb-1.0  -fvisibility=hidden -fvisibility-inlines-hidden    -o CMakeFiles/cmTC_22321.dir/CheckIncludeFile.cxx.o -c /root/uhd/host/build/CMakeFiles/CMakeTmp/CheckIncludeFile.cxx
/root/uhd/host/build/CMakeFiles/CMakeTmp/CheckIncludeFile.cxx:1:10: fatal error: atlbase.h: No such file or directory
 #include <atlbase.h>
          ^~~~~~~~~~~
compilation terminated.
CMakeFiles/cmTC_22321.dir/build.make:65: recipe for target 'CMakeFiles/cmTC_22321.dir/CheckIncludeFile.cxx.o' failed
make[1]: *** [CMakeFiles/cmTC_22321.dir/CheckIncludeFile.cxx.o] Error 1
make[1]: Leaving directory '/root/uhd/host/build/CMakeFiles/CMakeTmp'
Makefile:126: recipe for target 'cmTC_22321/fast' failed
make: *** [cmTC_22321/fast] Error 2


